
> 2004scape@2.3.0 dev
> tsx watch --clear-screen=false --include "src/*" src/app.ts

Updating hiscores cache...
Hiscores cache updated with 2 players
8/7/2025 12:11:23 AM	 DEBUG	 Checking for compiler update
8/7/2025 12:11:23 AM	 DEBUG	 Compiler is up to date
8/7/2025 12:11:23 AM	 INFO	 XP Rate set to 10x from database
8/7/2025 12:11:23 AM	 INFO	 Drop Rate setting loaded: 10x (not yet implemented)
8/7/2025 12:11:23 AM	 INFO	 Max players set to 2000 from database
8/7/2025 12:11:23 AM	 INFO	 Starting gold set to 20999 from database
8/7/2025 12:11:23 AM	 INFO	 Shop prices set to normal from database
8/7/2025 12:11:23 AM	 INFO	 Registration enabled from database
8/7/2025 12:11:23 AM	 INFO	 Starting world
8/7/2025 12:11:23 AM	 DEBUG	 Loading game map
8/7/2025 12:11:25 AM	 INFO	 World ready: Visit http://localhost:8888/rs2.cgi
Packing server cache (1/2)
Compiling server scripts
Packed server cache (1/2)
Packing client cache (2/2)
Packed client cache (2/2)
Updating hiscores cache...
Hiscores cache updated with 2 players
Updating hiscores cache...
Hiscores cache updated with 2 players
Updating hiscores cache...
Hiscores cache updated with 2 players
Updating hiscores cache...
Hiscores cache updated with 2 players
Updating hiscores cache...
Hiscores cache updated with 2 players
Updating hiscores cache...
Hiscores cache updated with 2 players
Updating hiscores cache...
Hiscores cache updated with 2 players
Updating hiscores cache...
Hiscores cache updated with 2 players
Updating hiscores cache...
Hiscores cache updated with 2 players
Updating hiscores cache...
Hiscores cache updated with 2 players
Updating hiscores cache...
Hiscores cache updated with 2 players
Updating hiscores cache...
Hiscores cache updated with 2 players
Updating hiscores cache...
Hiscores cache updated with 2 players
Updating hiscores cache...
Hiscores cache updated with 2 players
Updating hiscores cache...
Hiscores cache updated with 2 players
Updating hiscores cache...
Hiscores cache updated with 2 players
